 
[2014-09-28 11:26:00] local.ERROR: exception 'Symfony\Component\Debug\Exception\FatalErrorException' with message 'Class 'Reponse' not found' in /home/vagrant/Code/app/controllers/JobsController.php:14
Stack trace:
#0 [internal function]: Illuminate\Exception\Handler->handleShutdown()
#1 {main} [] []
[2014-09-28 11:34:37] local.ERROR: exception 'Illuminate\Database\Eloquent\MassAssignmentException' with message 'heading' in /home/vagrant/Code/vendor/laravel/framework/src/Illuminate/Database/Eloquent/Model.php:411
Stack trace:
#0 /home/vagrant/Code/vendor/laravel/framework/src/Illuminate/Database/Eloquent/Model.php(249): Illuminate\Database\Eloquent\Model->fill(Array)
#1 /home/vagrant/Code/vendor/laravel/framework/src/Illuminate/Database/Eloquent/Model.php(524): Illuminate\Database\Eloquent\Model->__construct(Array)
#2 /home/vagrant/Code/app/controllers/JobsController.php(36): Illuminate\Database\Eloquent\Model::create(Array)
#3 [internal function]: JobsController->store()
#4 /home/vagrant/Code/vendor/laravel/framework/src/Illuminate/Routing/Controller.php(231): call_user_func_array(Array, Array)
#5 /home/vagrant/Code/vendor/laravel/framework/src/Illuminate/Routing/ControllerDispatcher.php(93): Illuminate\Routing\Controller->callAction('store', Array)
#6 /home/vagrant/Code/vendor/laravel/framework/src/Illuminate/Routing/ControllerDispatcher.php(62): Illuminate\Routing\ControllerDispatcher->call(Object(JobsController), Object(Illuminate\Routing\Route), 'store')
#7 /home/vagrant/Code/vendor/laravel/framework/src/Illuminate/Routing/Router.php(962): Illuminate\Routing\ControllerDispatcher->dispatch(Object(Illuminate\Routing\Route), Object(Illuminate\Http\Request), 'JobsController', 'store')
#8 [internal function]: Illuminate\Routing\Router->Illuminate\Routing\{closure}()
#9 /home/vagrant/Code/vendor/laravel/framework/src/Illuminate/Routing/Route.php(109): call_user_func_array(Object(Closure), Array)
#10 /home/vagrant/Code/vendor/laravel/framework/src/Illuminate/Routing/Router.php(1028): Illuminate\Routing\Route->run(Object(Illuminate\Http\Request))
#11 /home/vagrant/Code/vendor/laravel/framework/src/Illuminate/Routing/Router.php(996): Illuminate\Routing\Router->dispatchToRoute(Object(Illuminate\Http\Request))
#12 /home/vagrant/Code/vendor/laravel/framework/src/Illuminate/Foundation/Application.php(777): Illuminate\Routing\Router->dispatch(Object(Illuminate\Http\Request))
#13 /home/vagrant/Code/vendor/laravel/framework/src/Illuminate/Foundation/Application.php(747): Illuminate\Foundation\Application->dispatch(Object(Illuminate\Http\Request))
#14 /home/vagrant/Code/vendor/laravel/framework/src/Illuminate/Session/Middleware.php(72): Illuminate\Foundation\Application->handle(Object(Illuminate\Http\Request), 1, true)
#15 /home/vagrant/Code/vendor/laravel/framework/src/Illuminate/Cookie/Queue.php(47): Illuminate\Session\Middleware->handle(Object(Illuminate\Http\Request), 1, true)
#16 /home/vagrant/Code/vendor/laravel/framework/src/Illuminate/Cookie/Guard.php(51): Illuminate\Cookie\Queue->handle(Object(Illuminate\Http\Request), 1, true)
#17 /home/vagrant/Code/vendor/stack/builder/src/Stack/StackedHttpKernel.php(23): Illuminate\Cookie\Guard->handle(Object(Illuminate\Http\Request), 1, true)
#18 /home/vagrant/Code/vendor/laravel/framework/src/Illuminate/Foundation/Application.php(643): Stack\StackedHttpKernel->handle(Object(Illuminate\Http\Request))
#19 /home/vagrant/Code/public/index.php(49): Illuminate\Foundation\Application->run()
#20 {main} [] []
[2014-09-28 12:19:31] local.ERROR: exception 'Illuminate\Database\Eloquent\MassAssignmentException' with message 'heading' in /home/vagrant/Code/vendor/laravel/framework/src/Illuminate/Database/Eloquent/Model.php:411
Stack trace:
#0 /home/vagrant/Code/vendor/laravel/framework/src/Illuminate/Database/Eloquent/Model.php(249): Illuminate\Database\Eloquent\Model->fill(Array)
#1 /home/vagrant/Code/vendor/laravel/framework/src/Illuminate/Database/Eloquent/Model.php(524): Illuminate\Database\Eloquent\Model->__construct(Array)
#2 /home/vagrant/Code/app/controllers/JobsController.php(36): Illuminate\Database\Eloquent\Model::create(Array)
#3 [internal function]: JobsController->store()
#4 /home/vagrant/Code/vendor/laravel/framework/src/Illuminate/Routing/Controller.php(231): call_user_func_array(Array, Array)
#5 /home/vagrant/Code/vendor/laravel/framework/src/Illuminate/Routing/ControllerDispatcher.php(93): Illuminate\Routing\Controller->callAction('store', Array)
#6 /home/vagrant/Code/vendor/laravel/framework/src/Illuminate/Routing/ControllerDispatcher.php(62): Illuminate\Routing\ControllerDispatcher->call(Object(JobsController), Object(Illuminate\Routing\Route), 'store')
#7 /home/vagrant/Code/vendor/laravel/framework/src/Illuminate/Routing/Router.php(962): Illuminate\Routing\ControllerDispatcher->dispatch(Object(Illuminate\Routing\Route), Object(Illuminate\Http\Request), 'JobsController', 'store')
#8 [internal function]: Illuminate\Routing\Router->Illuminate\Routing\{closure}()
#9 /home/vagrant/Code/vendor/laravel/framework/src/Illuminate/Routing/Route.php(109): call_user_func_array(Object(Closure), Array)
#10 /home/vagrant/Code/vendor/laravel/framework/src/Illuminate/Routing/Router.php(1028): Illuminate\Routing\Route->run(Object(Illuminate\Http\Request))
#11 /home/vagrant/Code/vendor/laravel/framework/src/Illuminate/Routing/Router.php(996): Illuminate\Routing\Router->dispatchToRoute(Object(Illuminate\Http\Request))
#12 /home/vagrant/Code/vendor/laravel/framework/src/Illuminate/Foundation/Application.php(777): Illuminate\Routing\Router->dispatch(Object(Illuminate\Http\Request))
#13 /home/vagrant/Code/vendor/laravel/framework/src/Illuminate/Foundation/Application.php(747): Illuminate\Foundation\Application->dispatch(Object(Illuminate\Http\Request))
#14 /home/vagrant/Code/vendor/laravel/framework/src/Illuminate/Session/Middleware.php(72): Illuminate\Foundation\Application->handle(Object(Illuminate\Http\Request), 1, true)
#15 /home/vagrant/Code/vendor/laravel/framework/src/Illuminate/Cookie/Queue.php(47): Illuminate\Session\Middleware->handle(Object(Illuminate\Http\Request), 1, true)
#16 /home/vagrant/Code/vendor/laravel/framework/src/Illuminate/Cookie/Guard.php(51): Illuminate\Cookie\Queue->handle(Object(Illuminate\Http\Request), 1, true)
#17 /home/vagrant/Code/vendor/stack/builder/src/Stack/StackedHttpKernel.php(23): Illuminate\Cookie\Guard->handle(Object(Illuminate\Http\Request), 1, true)
#18 /home/vagrant/Code/vendor/laravel/framework/src/Illuminate/Foundation/Application.php(643): Stack\StackedHttpKernel->handle(Object(Illuminate\Http\Request))
#19 /home/vagrant/Code/public/index.php(49): Illuminate\Foundation\Application->run()
#20 {main} [] []
[2014-09-28 12:19:56] local.ERROR: exception 'Illuminate\Database\Eloquent\MassAssignmentException' with message 'heading' in /home/vagrant/Code/vendor/laravel/framework/src/Illuminate/Database/Eloquent/Model.php:411
Stack trace:
#0 /home/vagrant/Code/vendor/laravel/framework/src/Illuminate/Database/Eloquent/Model.php(249): Illuminate\Database\Eloquent\Model->fill(Array)
#1 /home/vagrant/Code/vendor/laravel/framework/src/Illuminate/Database/Eloquent/Model.php(524): Illuminate\Database\Eloquent\Model->__construct(Array)
#2 /home/vagrant/Code/app/controllers/JobsController.php(36): Illuminate\Database\Eloquent\Model::create(Array)
#3 [internal function]: JobsController->store()
#4 /home/vagrant/Code/vendor/laravel/framework/src/Illuminate/Routing/Controller.php(231): call_user_func_array(Array, Array)
#5 /home/vagrant/Code/vendor/laravel/framework/src/Illuminate/Routing/ControllerDispatcher.php(93): Illuminate\Routing\Controller->callAction('store', Array)
#6 /home/vagrant/Code/vendor/laravel/framework/src/Illuminate/Routing/ControllerDispatcher.php(62): Illuminate\Routing\ControllerDispatcher->call(Object(JobsController), Object(Illuminate\Routing\Route), 'store')
#7 /home/vagrant/Code/vendor/laravel/framework/src/Illuminate/Routing/Router.php(962): Illuminate\Routing\ControllerDispatcher->dispatch(Object(Illuminate\Routing\Route), Object(Illuminate\Http\Request), 'JobsController', 'store')
#8 [internal function]: Illuminate\Routing\Router->Illuminate\Routing\{closure}()
#9 /home/vagrant/Code/vendor/laravel/framework/src/Illuminate/Routing/Route.php(109): call_user_func_array(Object(Closure), Array)
#10 /home/vagrant/Code/vendor/laravel/framework/src/Illuminate/Routing/Router.php(1028): Illuminate\Routing\Route->run(Object(Illuminate\Http\Request))
#11 /home/vagrant/Code/vendor/laravel/framework/src/Illuminate/Routing/Router.php(996): Illuminate\Routing\Router->dispatchToRoute(Object(Illuminate\Http\Request))
#12 /home/vagrant/Code/vendor/laravel/framework/src/Illuminate/Foundation/Application.php(777): Illuminate\Routing\Router->dispatch(Object(Illuminate\Http\Request))
#13 /home/vagrant/Code/vendor/laravel/framework/src/Illuminate/Foundation/Application.php(747): Illuminate\Foundation\Application->dispatch(Object(Illuminate\Http\Request))
#14 /home/vagrant/Code/vendor/laravel/framework/src/Illuminate/Session/Middleware.php(72): Illuminate\Foundation\Application->handle(Object(Illuminate\Http\Request), 1, true)
#15 /home/vagrant/Code/vendor/laravel/framework/src/Illuminate/Cookie/Queue.php(47): Illuminate\Session\Middleware->handle(Object(Illuminate\Http\Request), 1, true)
#16 /home/vagrant/Code/vendor/laravel/framework/src/Illuminate/Cookie/Guard.php(51): Illuminate\Cookie\Queue->handle(Object(Illuminate\Http\Request), 1, true)
#17 /home/vagrant/Code/vendor/stack/builder/src/Stack/StackedHttpKernel.php(23): Illuminate\Cookie\Guard->handle(Object(Illuminate\Http\Request), 1, true)
#18 /home/vagrant/Code/vendor/laravel/framework/src/Illuminate/Foundation/Application.php(643): Stack\StackedHttpKernel->handle(Object(Illuminate\Http\Request))
#19 /home/vagrant/Code/public/index.php(49): Illuminate\Foundation\Application->run()
#20 {main} [] []
[2014-09-28 12:21:51] local.ERROR: exception 'Illuminate\Database\Eloquent\MassAssignmentException' with message 'heading' in /home/vagrant/Code/vendor/laravel/framework/src/Illuminate/Database/Eloquent/Model.php:411
Stack trace:
#0 /home/vagrant/Code/vendor/laravel/framework/src/Illuminate/Database/Eloquent/Model.php(249): Illuminate\Database\Eloquent\Model->fill(Array)
#1 /home/vagrant/Code/vendor/laravel/framework/src/Illuminate/Database/Eloquent/Model.php(524): Illuminate\Database\Eloquent\Model->__construct(Array)
#2 /home/vagrant/Code/app/controllers/JobsController.php(36): Illuminate\Database\Eloquent\Model::create(Array)
#3 [internal function]: JobsController->store()
#4 /home/vagrant/Code/vendor/laravel/framework/src/Illuminate/Routing/Controller.php(231): call_user_func_array(Array, Array)
#5 /home/vagrant/Code/vendor/laravel/framework/src/Illuminate/Routing/ControllerDispatcher.php(93): Illuminate\Routing\Controller->callAction('store', Array)
#6 /home/vagrant/Code/vendor/laravel/framework/src/Illuminate/Routing/ControllerDispatcher.php(62): Illuminate\Routing\ControllerDispatcher->call(Object(JobsController), Object(Illuminate\Routing\Route), 'store')
#7 /home/vagrant/Code/vendor/laravel/framework/src/Illuminate/Routing/Router.php(962): Illuminate\Routing\ControllerDispatcher->dispatch(Object(Illuminate\Routing\Route), Object(Illuminate\Http\Request), 'JobsController', 'store')
#8 [internal function]: Illuminate\Routing\Router->Illuminate\Routing\{closure}()
#9 /home/vagrant/Code/vendor/laravel/framework/src/Illuminate/Routing/Route.php(109): call_user_func_array(Object(Closure), Array)
#10 /home/vagrant/Code/vendor/laravel/framework/src/Illuminate/Routing/Router.php(1028): Illuminate\Routing\Route->run(Object(Illuminate\Http\Request))
#11 /home/vagrant/Code/vendor/laravel/framework/src/Illuminate/Routing/Router.php(996): Illuminate\Routing\Router->dispatchToRoute(Object(Illuminate\Http\Request))
#12 /home/vagrant/Code/vendor/laravel/framework/src/Illuminate/Foundation/Application.php(777): Illuminate\Routing\Router->dispatch(Object(Illuminate\Http\Request))
#13 /home/vagrant/Code/vendor/laravel/framework/src/Illuminate/Foundation/Application.php(747): Illuminate\Foundation\Application->dispatch(Object(Illuminate\Http\Request))
#14 /home/vagrant/Code/vendor/laravel/framework/src/Illuminate/Session/Middleware.php(72): Illuminate\Foundation\Application->handle(Object(Illuminate\Http\Request), 1, true)
#15 /home/vagrant/Code/vendor/laravel/framework/src/Illuminate/Cookie/Queue.php(47): Illuminate\Session\Middleware->handle(Object(Illuminate\Http\Request), 1, true)
#16 /home/vagrant/Code/vendor/laravel/framework/src/Illuminate/Cookie/Guard.php(51): Illuminate\Cookie\Queue->handle(Object(Illuminate\Http\Request), 1, true)
#17 /home/vagrant/Code/vendor/stack/builder/src/Stack/StackedHttpKernel.php(23): Illuminate\Cookie\Guard->handle(Object(Illuminate\Http\Request), 1, true)
#18 /home/vagrant/Code/vendor/laravel/framework/src/Illuminate/Foundation/Application.php(643): Stack\StackedHttpKernel->handle(Object(Illuminate\Http\Request))
#19 /home/vagrant/Code/public/index.php(49): Illuminate\Foundation\Application->run()
#20 {main} [] []
[2014-09-28 12:22:19] local.ERROR: exception 'Illuminate\Database\Eloquent\MassAssignmentException' with message 'heading' in /home/vagrant/Code/vendor/laravel/framework/src/Illuminate/Database/Eloquent/Model.php:411
Stack trace:
#0 /home/vagrant/Code/vendor/laravel/framework/src/Illuminate/Database/Eloquent/Model.php(249): Illuminate\Database\Eloquent\Model->fill(Array)
#1 /home/vagrant/Code/vendor/laravel/framework/src/Illuminate/Database/Eloquent/Model.php(524): Illuminate\Database\Eloquent\Model->__construct(Array)
#2 /home/vagrant/Code/app/controllers/JobsController.php(36): Illuminate\Database\Eloquent\Model::create(Array)
#3 [internal function]: JobsController->store()
#4 /home/vagrant/Code/vendor/laravel/framework/src/Illuminate/Routing/Controller.php(231): call_user_func_array(Array, Array)
#5 /home/vagrant/Code/vendor/laravel/framework/src/Illuminate/Routing/ControllerDispatcher.php(93): Illuminate\Routing\Controller->callAction('store', Array)
#6 /home/vagrant/Code/vendor/laravel/framework/src/Illuminate/Routing/ControllerDispatcher.php(62): Illuminate\Routing\ControllerDispatcher->call(Object(JobsController), Object(Illuminate\Routing\Route), 'store')
#7 /home/vagrant/Code/vendor/laravel/framework/src/Illuminate/Routing/Router.php(962): Illuminate\Routing\ControllerDispatcher->dispatch(Object(Illuminate\Routing\Route), Object(Illuminate\Http\Request), 'JobsController', 'store')
#8 [internal function]: Illuminate\Routing\Router->Illuminate\Routing\{closure}()
#9 /home/vagrant/Code/vendor/laravel/framework/src/Illuminate/Routing/Route.php(109): call_user_func_array(Object(Closure), Array)
#10 /home/vagrant/Code/vendor/laravel/framework/src/Illuminate/Routing/Router.php(1028): Illuminate\Routing\Route->run(Object(Illuminate\Http\Request))
#11 /home/vagrant/Code/vendor/laravel/framework/src/Illuminate/Routing/Router.php(996): Illuminate\Routing\Router->dispatchToRoute(Object(Illuminate\Http\Request))
#12 /home/vagrant/Code/vendor/laravel/framework/src/Illuminate/Foundation/Application.php(777): Illuminate\Routing\Router->dispatch(Object(Illuminate\Http\Request))
#13 /home/vagrant/Code/vendor/laravel/framework/src/Illuminate/Foundation/Application.php(747): Illuminate\Foundation\Application->dispatch(Object(Illuminate\Http\Request))
#14 /home/vagrant/Code/vendor/laravel/framework/src/Illuminate/Session/Middleware.php(72): Illuminate\Foundation\Application->handle(Object(Illuminate\Http\Request), 1, true)
#15 /home/vagrant/Code/vendor/laravel/framework/src/Illuminate/Cookie/Queue.php(47): Illuminate\Session\Middleware->handle(Object(Illuminate\Http\Request), 1, true)
#16 /home/vagrant/Code/vendor/laravel/framework/src/Illuminate/Cookie/Guard.php(51): Illuminate\Cookie\Queue->handle(Object(Illuminate\Http\Request), 1, true)
#17 /home/vagrant/Code/vendor/stack/builder/src/Stack/StackedHttpKernel.php(23): Illuminate\Cookie\Guard->handle(Object(Illuminate\Http\Request), 1, true)
#18 /home/vagrant/Code/vendor/laravel/framework/src/Illuminate/Foundation/Application.php(643): Stack\StackedHttpKernel->handle(Object(Illuminate\Http\Request))
#19 /home/vagrant/Code/public/index.php(49): Illuminate\Foundation\Application->run()
#20 {main} [] []
[2014-09-28 12:26:15] local.ERROR: exception 'Illuminate\Database\Eloquent\MassAssignmentException' with message 'heading' in /home/vagrant/Code/vendor/laravel/framework/src/Illuminate/Database/Eloquent/Model.php:411
Stack trace:
#0 /home/vagrant/Code/vendor/laravel/framework/src/Illuminate/Database/Eloquent/Model.php(249): Illuminate\Database\Eloquent\Model->fill(Array)
#1 /home/vagrant/Code/vendor/laravel/framework/src/Illuminate/Database/Eloquent/Model.php(524): Illuminate\Database\Eloquent\Model->__construct(Array)
#2 /home/vagrant/Code/app/controllers/JobsController.php(37): Illuminate\Database\Eloquent\Model::create(Array)
#3 [internal function]: JobsController->store()
#4 /home/vagrant/Code/vendor/laravel/framework/src/Illuminate/Routing/Controller.php(231): call_user_func_array(Array, Array)
#5 /home/vagrant/Code/vendor/laravel/framework/src/Illuminate/Routing/ControllerDispatcher.php(93): Illuminate\Routing\Controller->callAction('store', Array)
#6 /home/vagrant/Code/vendor/laravel/framework/src/Illuminate/Routing/ControllerDispatcher.php(62): Illuminate\Routing\ControllerDispatcher->call(Object(JobsController), Object(Illuminate\Routing\Route), 'store')
#7 /home/vagrant/Code/vendor/laravel/framework/src/Illuminate/Routing/Router.php(962): Illuminate\Routing\ControllerDispatcher->dispatch(Object(Illuminate\Routing\Route), Object(Illuminate\Http\Request), 'JobsController', 'store')
#8 [internal function]: Illuminate\Routing\Router->Illuminate\Routing\{closure}()
#9 /home/vagrant/Code/vendor/laravel/framework/src/Illuminate/Routing/Route.php(109): call_user_func_array(Object(Closure), Array)
#10 /home/vagrant/Code/vendor/laravel/framework/src/Illuminate/Routing/Router.php(1028): Illuminate\Routing\Route->run(Object(Illuminate\Http\Request))
#11 /home/vagrant/Code/vendor/laravel/framework/src/Illuminate/Routing/Router.php(996): Illuminate\Routing\Router->dispatchToRoute(Object(Illuminate\Http\Request))
#12 /home/vagrant/Code/vendor/laravel/framework/src/Illuminate/Foundation/Application.php(777): Illuminate\Routing\Router->dispatch(Object(Illuminate\Http\Request))
#13 /home/vagrant/Code/vendor/laravel/framework/src/Illuminate/Foundation/Application.php(747): Illuminate\Foundation\Application->dispatch(Object(Illuminate\Http\Request))
#14 /home/vagrant/Code/vendor/laravel/framework/src/Illuminate/Session/Middleware.php(72): Illuminate\Foundation\Application->handle(Object(Illuminate\Http\Request), 1, true)
#15 /home/vagrant/Code/vendor/laravel/framework/src/Illuminate/Cookie/Queue.php(47): Illuminate\Session\Middleware->handle(Object(Illuminate\Http\Request), 1, true)
#16 /home/vagrant/Code/vendor/laravel/framework/src/Illuminate/Cookie/Guard.php(51): Illuminate\Cookie\Queue->handle(Object(Illuminate\Http\Request), 1, true)
#17 /home/vagrant/Code/vendor/stack/builder/src/Stack/StackedHttpKernel.php(23): Illuminate\Cookie\Guard->handle(Object(Illuminate\Http\Request), 1, true)
#18 /home/vagrant/Code/vendor/laravel/framework/src/Illuminate/Foundation/Application.php(643): Stack\StackedHttpKernel->handle(Object(Illuminate\Http\Request))
#19 /home/vagrant/Code/public/index.php(49): Illuminate\Foundation\Application->run()
#20 {main} [] []
[2014-09-28 12:26:58] local.ERROR: exception 'Illuminate\Database\Eloquent\MassAssignmentException' with message 'heading' in /home/vagrant/Code/vendor/laravel/framework/src/Illuminate/Database/Eloquent/Model.php:411
Stack trace:
#0 /home/vagrant/Code/vendor/laravel/framework/src/Illuminate/Database/Eloquent/Model.php(249): Illuminate\Database\Eloquent\Model->fill(Array)
#1 /home/vagrant/Code/vendor/laravel/framework/src/Illuminate/Database/Eloquent/Model.php(524): Illuminate\Database\Eloquent\Model->__construct(Array)
#2 /home/vagrant/Code/app/controllers/JobsController.php(37): Illuminate\Database\Eloquent\Model::create(Array)
#3 [internal function]: JobsController->store()
#4 /home/vagrant/Code/vendor/laravel/framework/src/Illuminate/Routing/Controller.php(231): call_user_func_array(Array, Array)
#5 /home/vagrant/Code/vendor/laravel/framework/src/Illuminate/Routing/ControllerDispatcher.php(93): Illuminate\Routing\Controller->callAction('store', Array)
#6 /home/vagrant/Code/vendor/laravel/framework/src/Illuminate/Routing/ControllerDispatcher.php(62): Illuminate\Routing\ControllerDispatcher->call(Object(JobsController), Object(Illuminate\Routing\Route), 'store')
#7 /home/vagrant/Code/vendor/laravel/framework/src/Illuminate/Routing/Router.php(962): Illuminate\Routing\ControllerDispatcher->dispatch(Object(Illuminate\Routing\Route), Object(Illuminate\Http\Request), 'JobsController', 'store')
#8 [internal function]: Illuminate\Routing\Router->Illuminate\Routing\{closure}()
#9 /home/vagrant/Code/vendor/laravel/framework/src/Illuminate/Routing/Route.php(109): call_user_func_array(Object(Closure), Array)
#10 /home/vagrant/Code/vendor/laravel/framework/src/Illuminate/Routing/Router.php(1028): Illuminate\Routing\Route->run(Object(Illuminate\Http\Request))
#11 /home/vagrant/Code/vendor/laravel/framework/src/Illuminate/Routing/Router.php(996): Illuminate\Routing\Router->dispatchToRoute(Object(Illuminate\Http\Request))
#12 /home/vagrant/Code/vendor/laravel/framework/src/Illuminate/Foundation/Application.php(777): Illuminate\Routing\Router->dispatch(Object(Illuminate\Http\Request))
#13 /home/vagrant/Code/vendor/laravel/framework/src/Illuminate/Foundation/Application.php(747): Illuminate\Foundation\Application->dispatch(Object(Illuminate\Http\Request))
#14 /home/vagrant/Code/vendor/laravel/framework/src/Illuminate/Session/Middleware.php(72): Illuminate\Foundation\Application->handle(Object(Illuminate\Http\Request), 1, true)
#15 /home/vagrant/Code/vendor/laravel/framework/src/Illuminate/Cookie/Queue.php(47): Illuminate\Session\Middleware->handle(Object(Illuminate\Http\Request), 1, true)
#16 /home/vagrant/Code/vendor/laravel/framework/src/Illuminate/Cookie/Guard.php(51): Illuminate\Cookie\Queue->handle(Object(Illuminate\Http\Request), 1, true)
#17 /home/vagrant/Code/vendor/stack/builder/src/Stack/StackedHttpKernel.php(23): Illuminate\Cookie\Guard->handle(Object(Illuminate\Http\Request), 1, true)
#18 /home/vagrant/Code/vendor/laravel/framework/src/Illuminate/Foundation/Application.php(643): Stack\StackedHttpKernel->handle(Object(Illuminate\Http\Request))
#19 /home/vagrant/Code/public/index.php(49): Illuminate\Foundation\Application->run()
#20 {main} [] []
[2014-09-28 12:28:15] local.ERROR: exception 'Symfony\Component\Debug\Exception\FatalErrorException' with message 'Call to a member function toArray() on a non-object' in /home/vagrant/Code/app/controllers/JobsController.php:37
Stack trace:
#0 [internal function]: Illuminate\Exception\Handler->handleShutdown()
#1 {main} [] []
[2014-09-28 12:28:36] local.ERROR: exception 'Illuminate\Database\Eloquent\MassAssignmentException' with message 'heading' in /home/vagrant/Code/vendor/laravel/framework/src/Illuminate/Database/Eloquent/Model.php:411
Stack trace:
#0 /home/vagrant/Code/vendor/laravel/framework/src/Illuminate/Database/Eloquent/Model.php(249): Illuminate\Database\Eloquent\Model->fill(Array)
#1 /home/vagrant/Code/vendor/laravel/framework/src/Illuminate/Database/Eloquent/Model.php(524): Illuminate\Database\Eloquent\Model->__construct(Array)
#2 /home/vagrant/Code/app/controllers/JobsController.php(37): Illuminate\Database\Eloquent\Model::create(Array)
#3 [internal function]: JobsController->store()
#4 /home/vagrant/Code/vendor/laravel/framework/src/Illuminate/Routing/Controller.php(231): call_user_func_array(Array, Array)
#5 /home/vagrant/Code/vendor/laravel/framework/src/Illuminate/Routing/ControllerDispatcher.php(93): Illuminate\Routing\Controller->callAction('store', Array)
#6 /home/vagrant/Code/vendor/laravel/framework/src/Illuminate/Routing/ControllerDispatcher.php(62): Illuminate\Routing\ControllerDispatcher->call(Object(JobsController), Object(Illuminate\Routing\Route), 'store')
#7 /home/vagrant/Code/vendor/laravel/framework/src/Illuminate/Routing/Router.php(962): Illuminate\Routing\ControllerDispatcher->dispatch(Object(Illuminate\Routing\Route), Object(Illuminate\Http\Request), 'JobsController', 'store')
#8 [internal function]: Illuminate\Routing\Router->Illuminate\Routing\{closure}()
#9 /home/vagrant/Code/vendor/laravel/framework/src/Illuminate/Routing/Route.php(109): call_user_func_array(Object(Closure), Array)
#10 /home/vagrant/Code/vendor/laravel/framework/src/Illuminate/Routing/Router.php(1028): Illuminate\Routing\Route->run(Object(Illuminate\Http\Request))
#11 /home/vagrant/Code/vendor/laravel/framework/src/Illuminate/Routing/Router.php(996): Illuminate\Routing\Router->dispatchToRoute(Object(Illuminate\Http\Request))
#12 /home/vagrant/Code/vendor/laravel/framework/src/Illuminate/Foundation/Application.php(777): Illuminate\Routing\Router->dispatch(Object(Illuminate\Http\Request))
#13 /home/vagrant/Code/vendor/laravel/framework/src/Illuminate/Foundation/Application.php(747): Illuminate\Foundation\Application->dispatch(Object(Illuminate\Http\Request))
#14 /home/vagrant/Code/vendor/laravel/framework/src/Illuminate/Session/Middleware.php(72): Illuminate\Foundation\Application->handle(Object(Illuminate\Http\Request), 1, true)
#15 /home/vagrant/Code/vendor/laravel/framework/src/Illuminate/Cookie/Queue.php(47): Illuminate\Session\Middleware->handle(Object(Illuminate\Http\Request), 1, true)
#16 /home/vagrant/Code/vendor/laravel/framework/src/Illuminate/Cookie/Guard.php(51): Illuminate\Cookie\Queue->handle(Object(Illuminate\Http\Request), 1, true)
#17 /home/vagrant/Code/vendor/stack/builder/src/Stack/StackedHttpKernel.php(23): Illuminate\Cookie\Guard->handle(Object(Illuminate\Http\Request), 1, true)
#18 /home/vagrant/Code/vendor/laravel/framework/src/Illuminate/Foundation/Application.php(643): Stack\StackedHttpKernel->handle(Object(Illuminate\Http\Request))
#19 /home/vagrant/Code/public/index.php(49): Illuminate\Foundation\Application->run()
#20 {main} [] []
[2014-09-28 12:30:21] local.ERROR: exception 'Illuminate\Database\Eloquent\MassAssignmentException' with message 'heading' in /home/vagrant/Code/vendor/laravel/framework/src/Illuminate/Database/Eloquent/Model.php:411
Stack trace:
#0 /home/vagrant/Code/vendor/laravel/framework/src/Illuminate/Database/Eloquent/Model.php(249): Illuminate\Database\Eloquent\Model->fill(Array)
#1 /home/vagrant/Code/vendor/laravel/framework/src/Illuminate/Database/Eloquent/Model.php(524): Illuminate\Database\Eloquent\Model->__construct(Array)
#2 /home/vagrant/Code/app/controllers/JobsController.php(37): Illuminate\Database\Eloquent\Model::create(Array)
#3 [internal function]: JobsController->store()
#4 /home/vagrant/Code/vendor/laravel/framework/src/Illuminate/Routing/Controller.php(231): call_user_func_array(Array, Array)
#5 /home/vagrant/Code/vendor/laravel/framework/src/Illuminate/Routing/ControllerDispatcher.php(93): Illuminate\Routing\Controller->callAction('store', Array)
#6 /home/vagrant/Code/vendor/laravel/framework/src/Illuminate/Routing/ControllerDispatcher.php(62): Illuminate\Routing\ControllerDispatcher->call(Object(JobsController), Object(Illuminate\Routing\Route), 'store')
#7 /home/vagrant/Code/vendor/laravel/framework/src/Illuminate/Routing/Router.php(962): Illuminate\Routing\ControllerDispatcher->dispatch(Object(Illuminate\Routing\Route), Object(Illuminate\Http\Request), 'JobsController', 'store')
#8 [internal function]: Illuminate\Routing\Router->Illuminate\Routing\{closure}()
#9 /home/vagrant/Code/vendor/laravel/framework/src/Illuminate/Routing/Route.php(109): call_user_func_array(Object(Closure), Array)
#10 /home/vagrant/Code/vendor/laravel/framework/src/Illuminate/Routing/Router.php(1028): Illuminate\Routing\Route->run(Object(Illuminate\Http\Request))
#11 /home/vagrant/Code/vendor/laravel/framework/src/Illuminate/Routing/Router.php(996): Illuminate\Routing\Router->dispatchToRoute(Object(Illuminate\Http\Request))
#12 /home/vagrant/Code/vendor/laravel/framework/src/Illuminate/Foundation/Application.php(777): Illuminate\Routing\Router->dispatch(Object(Illuminate\Http\Request))
#13 /home/vagrant/Code/vendor/laravel/framework/src/Illuminate/Foundation/Application.php(747): Illuminate\Foundation\Application->dispatch(Object(Illuminate\Http\Request))
#14 /home/vagrant/Code/vendor/laravel/framework/src/Illuminate/Session/Middleware.php(72): Illuminate\Foundation\Application->handle(Object(Illuminate\Http\Request), 1, true)
#15 /home/vagrant/Code/vendor/laravel/framework/src/Illuminate/Cookie/Queue.php(47): Illuminate\Session\Middleware->handle(Object(Illuminate\Http\Request), 1, true)
#16 /home/vagrant/Code/vendor/laravel/framework/src/Illuminate/Cookie/Guard.php(51): Illuminate\Cookie\Queue->handle(Object(Illuminate\Http\Request), 1, true)
#17 /home/vagrant/Code/vendor/stack/builder/src/Stack/StackedHttpKernel.php(23): Illuminate\Cookie\Guard->handle(Object(Illuminate\Http\Request), 1, true)
#18 /home/vagrant/Code/vendor/laravel/framework/src/Illuminate/Foundation/Application.php(643): Stack\StackedHttpKernel->handle(Object(Illuminate\Http\Request))
#19 /home/vagrant/Code/public/index.php(49): Illuminate\Foundation\Application->run()
#20 {main} [] []
[2014-09-28 12:30:26] local.ERROR: exception 'Illuminate\Database\Eloquent\MassAssignmentException' with message 'heading' in /home/vagrant/Code/vendor/laravel/framework/src/Illuminate/Database/Eloquent/Model.php:411
Stack trace:
#0 /home/vagrant/Code/vendor/laravel/framework/src/Illuminate/Database/Eloquent/Model.php(249): Illuminate\Database\Eloquent\Model->fill(Array)
#1 /home/vagrant/Code/vendor/laravel/framework/src/Illuminate/Database/Eloquent/Model.php(524): Illuminate\Database\Eloquent\Model->__construct(Array)
#2 /home/vagrant/Code/app/controllers/JobsController.php(37): Illuminate\Database\Eloquent\Model::create(Array)
#3 [internal function]: JobsController->store()
#4 /home/vagrant/Code/vendor/laravel/framework/src/Illuminate/Routing/Controller.php(231): call_user_func_array(Array, Array)
#5 /home/vagrant/Code/vendor/laravel/framework/src/Illuminate/Routing/ControllerDispatcher.php(93): Illuminate\Routing\Controller->callAction('store', Array)
#6 /home/vagrant/Code/vendor/laravel/framework/src/Illuminate/Routing/ControllerDispatcher.php(62): Illuminate\Routing\ControllerDispatcher->call(Object(JobsController), Object(Illuminate\Routing\Route), 'store')
#7 /home/vagrant/Code/vendor/laravel/framework/src/Illuminate/Routing/Router.php(962): Illuminate\Routing\ControllerDispatcher->dispatch(Object(Illuminate\Routing\Route), Object(Illuminate\Http\Request), 'JobsController', 'store')
#8 [internal function]: Illuminate\Routing\Router->Illuminate\Routing\{closure}()
#9 /home/vagrant/Code/vendor/laravel/framework/src/Illuminate/Routing/Route.php(109): call_user_func_array(Object(Closure), Array)
#10 /home/vagrant/Code/vendor/laravel/framework/src/Illuminate/Routing/Router.php(1028): Illuminate\Routing\Route->run(Object(Illuminate\Http\Request))
#11 /home/vagrant/Code/vendor/laravel/framework/src/Illuminate/Routing/Router.php(996): Illuminate\Routing\Router->dispatchToRoute(Object(Illuminate\Http\Request))
#12 /home/vagrant/Code/vendor/laravel/framework/src/Illuminate/Foundation/Application.php(777): Illuminate\Routing\Router->dispatch(Object(Illuminate\Http\Request))
#13 /home/vagrant/Code/vendor/laravel/framework/src/Illuminate/Foundation/Application.php(747): Illuminate\Foundation\Application->dispatch(Object(Illuminate\Http\Request))
#14 /home/vagrant/Code/vendor/laravel/framework/src/Illuminate/Session/Middleware.php(72): Illuminate\Foundation\Application->handle(Object(Illuminate\Http\Request), 1, true)
#15 /home/vagrant/Code/vendor/laravel/framework/src/Illuminate/Cookie/Queue.php(47): Illuminate\Session\Middleware->handle(Object(Illuminate\Http\Request), 1, true)
#16 /home/vagrant/Code/vendor/laravel/framework/src/Illuminate/Cookie/Guard.php(51): Illuminate\Cookie\Queue->handle(Object(Illuminate\Http\Request), 1, true)
#17 /home/vagrant/Code/vendor/stack/builder/src/Stack/StackedHttpKernel.php(23): Illuminate\Cookie\Guard->handle(Object(Illuminate\Http\Request), 1, true)
#18 /home/vagrant/Code/vendor/laravel/framework/src/Illuminate/Foundation/Application.php(643): Stack\StackedHttpKernel->handle(Object(Illuminate\Http\Request))
#19 /home/vagrant/Code/public/index.php(49): Illuminate\Foundation\Application->run()
#20 {main} [] []
[2014-09-28 12:31:51] local.ERROR: exception 'Illuminate\Database\Eloquent\MassAssignmentException' with message 'heading' in /home/vagrant/Code/vendor/laravel/framework/src/Illuminate/Database/Eloquent/Model.php:411
Stack trace:
#0 /home/vagrant/Code/vendor/laravel/framework/src/Illuminate/Database/Eloquent/Model.php(249): Illuminate\Database\Eloquent\Model->fill(Array)
#1 /home/vagrant/Code/vendor/laravel/framework/src/Illuminate/Database/Eloquent/Model.php(524): Illuminate\Database\Eloquent\Model->__construct(Array)
#2 /home/vagrant/Code/app/controllers/JobsController.php(37): Illuminate\Database\Eloquent\Model::create(Array)
#3 [internal function]: JobsController->store()
#4 /home/vagrant/Code/vendor/laravel/framework/src/Illuminate/Routing/Controller.php(231): call_user_func_array(Array, Array)
#5 /home/vagrant/Code/vendor/laravel/framework/src/Illuminate/Routing/ControllerDispatcher.php(93): Illuminate\Routing\Controller->callAction('store', Array)
#6 /home/vagrant/Code/vendor/laravel/framework/src/Illuminate/Routing/ControllerDispatcher.php(62): Illuminate\Routing\ControllerDispatcher->call(Object(JobsController), Object(Illuminate\Routing\Route), 'store')
#7 /home/vagrant/Code/vendor/laravel/framework/src/Illuminate/Routing/Router.php(962): Illuminate\Routing\ControllerDispatcher->dispatch(Object(Illuminate\Routing\Route), Object(Illuminate\Http\Request), 'JobsController', 'store')
#8 [internal function]: Illuminate\Routing\Router->Illuminate\Routing\{closure}()
#9 /home/vagrant/Code/vendor/laravel/framework/src/Illuminate/Routing/Route.php(109): call_user_func_array(Object(Closure), Array)
#10 /home/vagrant/Code/vendor/laravel/framework/src/Illuminate/Routing/Router.php(1028): Illuminate\Routing\Route->run(Object(Illuminate\Http\Request))
#11 /home/vagrant/Code/vendor/laravel/framework/src/Illuminate/Routing/Router.php(996): Illuminate\Routing\Router->dispatchToRoute(Object(Illuminate\Http\Request))
#12 /home/vagrant/Code/vendor/laravel/framework/src/Illuminate/Foundation/Application.php(777): Illuminate\Routing\Router->dispatch(Object(Illuminate\Http\Request))
#13 /home/vagrant/Code/vendor/laravel/framework/src/Illuminate/Foundation/Application.php(747): Illuminate\Foundation\Application->dispatch(Object(Illuminate\Http\Request))
#14 /home/vagrant/Code/vendor/laravel/framework/src/Illuminate/Session/Middleware.php(72): Illuminate\Foundation\Application->handle(Object(Illuminate\Http\Request), 1, true)
#15 /home/vagrant/Code/vendor/laravel/framework/src/Illuminate/Cookie/Queue.php(47): Illuminate\Session\Middleware->handle(Object(Illuminate\Http\Request), 1, true)
#16 /home/vagrant/Code/vendor/laravel/framework/src/Illuminate/Cookie/Guard.php(51): Illuminate\Cookie\Queue->handle(Object(Illuminate\Http\Request), 1, true)
#17 /home/vagrant/Code/vendor/stack/builder/src/Stack/StackedHttpKernel.php(23): Illuminate\Cookie\Guard->handle(Object(Illuminate\Http\Request), 1, true)
#18 /home/vagrant/Code/vendor/laravel/framework/src/Illuminate/Foundation/Application.php(643): Stack\StackedHttpKernel->handle(Object(Illuminate\Http\Request))
#19 /home/vagrant/Code/public/index.php(49): Illuminate\Foundation\Application->run()
#20 {main} [] []
[2014-09-28 12:32:14] local.ERROR: exception 'Illuminate\Database\Eloquent\MassAssignmentException' with message 'heading' in /home/vagrant/Code/vendor/laravel/framework/src/Illuminate/Database/Eloquent/Model.php:411
Stack trace:
#0 /home/vagrant/Code/vendor/laravel/framework/src/Illuminate/Database/Eloquent/Model.php(249): Illuminate\Database\Eloquent\Model->fill(Array)
#1 /home/vagrant/Code/vendor/laravel/framework/src/Illuminate/Database/Eloquent/Model.php(524): Illuminate\Database\Eloquent\Model->__construct(Array)
#2 /home/vagrant/Code/app/controllers/JobsController.php(37): Illuminate\Database\Eloquent\Model::create(Array)
#3 [internal function]: JobsController->store()
#4 /home/vagrant/Code/vendor/laravel/framework/src/Illuminate/Routing/Controller.php(231): call_user_func_array(Array, Array)
#5 /home/vagrant/Code/vendor/laravel/framework/src/Illuminate/Routing/ControllerDispatcher.php(93): Illuminate\Routing\Controller->callAction('store', Array)
#6 /home/vagrant/Code/vendor/laravel/framework/src/Illuminate/Routing/ControllerDispatcher.php(62): Illuminate\Routing\ControllerDispatcher->call(Object(JobsController), Object(Illuminate\Routing\Route), 'store')
#7 /home/vagrant/Code/vendor/laravel/framework/src/Illuminate/Routing/Router.php(962): Illuminate\Routing\ControllerDispatcher->dispatch(Object(Illuminate\Routing\Route), Object(Illuminate\Http\Request), 'JobsController', 'store')
#8 [internal function]: Illuminate\Routing\Router->Illuminate\Routing\{closure}()
#9 /home/vagrant/Code/vendor/laravel/framework/src/Illuminate/Routing/Route.php(109): call_user_func_array(Object(Closure), Array)
#10 /home/vagrant/Code/vendor/laravel/framework/src/Illuminate/Routing/Router.php(1028): Illuminate\Routing\Route->run(Object(Illuminate\Http\Request))
#11 /home/vagrant/Code/vendor/laravel/framework/src/Illuminate/Routing/Router.php(996): Illuminate\Routing\Router->dispatchToRoute(Object(Illuminate\Http\Request))
#12 /home/vagrant/Code/vendor/laravel/framework/src/Illuminate/Foundation/Application.php(777): Illuminate\Routing\Router->dispatch(Object(Illuminate\Http\Request))
#13 /home/vagrant/Code/vendor/laravel/framework/src/Illuminate/Foundation/Application.php(747): Illuminate\Foundation\Application->dispatch(Object(Illuminate\Http\Request))
#14 /home/vagrant/Code/vendor/laravel/framework/src/Illuminate/Session/Middleware.php(72): Illuminate\Foundation\Application->handle(Object(Illuminate\Http\Request), 1, true)
#15 /home/vagrant/Code/vendor/laravel/framework/src/Illuminate/Cookie/Queue.php(47): Illuminate\Session\Middleware->handle(Object(Illuminate\Http\Request), 1, true)
#16 /home/vagrant/Code/vendor/laravel/framework/src/Illuminate/Cookie/Guard.php(51): Illuminate\Cookie\Queue->handle(Object(Illuminate\Http\Request), 1, true)
#17 /home/vagrant/Code/vendor/stack/builder/src/Stack/StackedHttpKernel.php(23): Illuminate\Cookie\Guard->handle(Object(Illuminate\Http\Request), 1, true)
#18 /home/vagrant/Code/vendor/laravel/framework/src/Illuminate/Foundation/Application.php(643): Stack\StackedHttpKernel->handle(Object(Illuminate\Http\Request))
#19 /home/vagrant/Code/public/index.php(49): Illuminate\Foundation\Application->run()
#20 {main} [] []
[2014-09-28 12:32:36] local.ERROR: exception 'Illuminate\Database\Eloquent\MassAssignmentException' with message 'description' in /home/vagrant/Code/vendor/laravel/framework/src/Illuminate/Database/Eloquent/Model.php:411
Stack trace:
#0 /home/vagrant/Code/vendor/laravel/framework/src/Illuminate/Database/Eloquent/Model.php(249): Illuminate\Database\Eloquent\Model->fill(Array)
#1 /home/vagrant/Code/vendor/laravel/framework/src/Illuminate/Database/Eloquent/Model.php(524): Illuminate\Database\Eloquent\Model->__construct(Array)
#2 /home/vagrant/Code/app/controllers/JobsController.php(37): Illuminate\Database\Eloquent\Model::create(Array)
#3 [internal function]: JobsController->store()
#4 /home/vagrant/Code/vendor/laravel/framework/src/Illuminate/Routing/Controller.php(231): call_user_func_array(Array, Array)
#5 /home/vagrant/Code/vendor/laravel/framework/src/Illuminate/Routing/ControllerDispatcher.php(93): Illuminate\Routing\Controller->callAction('store', Array)
#6 /home/vagrant/Code/vendor/laravel/framework/src/Illuminate/Routing/ControllerDispatcher.php(62): Illuminate\Routing\ControllerDispatcher->call(Object(JobsController), Object(Illuminate\Routing\Route), 'store')
#7 /home/vagrant/Code/vendor/laravel/framework/src/Illuminate/Routing/Router.php(962): Illuminate\Routing\ControllerDispatcher->dispatch(Object(Illuminate\Routing\Route), Object(Illuminate\Http\Request), 'JobsController', 'store')
#8 [internal function]: Illuminate\Routing\Router->Illuminate\Routing\{closure}()
#9 /home/vagrant/Code/vendor/laravel/framework/src/Illuminate/Routing/Route.php(109): call_user_func_array(Object(Closure), Array)
#10 /home/vagrant/Code/vendor/laravel/framework/src/Illuminate/Routing/Router.php(1028): Illuminate\Routing\Route->run(Object(Illuminate\Http\Request))
#11 /home/vagrant/Code/vendor/laravel/framework/src/Illuminate/Routing/Router.php(996): Illuminate\Routing\Router->dispatchToRoute(Object(Illuminate\Http\Request))
#12 /home/vagrant/Code/vendor/laravel/framework/src/Illuminate/Foundation/Application.php(777): Illuminate\Routing\Router->dispatch(Object(Illuminate\Http\Request))
#13 /home/vagrant/Code/vendor/laravel/framework/src/Illuminate/Foundation/Application.php(747): Illuminate\Foundation\Application->dispatch(Object(Illuminate\Http\Request))
#14 /home/vagrant/Code/vendor/laravel/framework/src/Illuminate/Session/Middleware.php(72): Illuminate\Foundation\Application->handle(Object(Illuminate\Http\Request), 1, true)
#15 /home/vagrant/Code/vendor/laravel/framework/src/Illuminate/Cookie/Queue.php(47): Illuminate\Session\Middleware->handle(Object(Illuminate\Http\Request), 1, true)
#16 /home/vagrant/Code/vendor/laravel/framework/src/Illuminate/Cookie/Guard.php(51): Illuminate\Cookie\Queue->handle(Object(Illuminate\Http\Request), 1, true)
#17 /home/vagrant/Code/vendor/stack/builder/src/Stack/StackedHttpKernel.php(23): Illuminate\Cookie\Guard->handle(Object(Illuminate\Http\Request), 1, true)
#18 /home/vagrant/Code/vendor/laravel/framework/src/Illuminate/Foundation/Application.php(643): Stack\StackedHttpKernel->handle(Object(Illuminate\Http\Request))
#19 /home/vagrant/Code/public/index.php(49): Illuminate\Foundation\Application->run()
#20 {main} [] []
[2014-09-28 12:59:06] local.ERROR: exception 'BadMethodCallException' with message 'Call to undefined method Illuminate\Database\Query\Builder::destory()' in /home/vagrant/Code/vendor/laravel/framework/src/Illuminate/Database/Query/Builder.php:2117
Stack trace:
#0 [internal function]: Illuminate\Database\Query\Builder->__call('destory', Array)
#1 [internal function]: Illuminate\Database\Query\Builder->destory('1')
#2 /home/vagrant/Code/vendor/laravel/framework/src/Illuminate/Database/Eloquent/Builder.php(913): call_user_func_array(Array, Array)
#3 [internal function]: Illuminate\Database\Eloquent\Builder->__call('destory', Array)
#4 [internal function]: Illuminate\Database\Eloquent\Builder->destory('1')
#5 /home/vagrant/Code/vendor/laravel/framework/src/Illuminate/Database/Eloquent/Model.php(3072): call_user_func_array(Array, Array)
#6 [internal function]: Illuminate\Database\Eloquent\Model->__call('destory', Array)
#7 [internal function]: Job->destory('1')
#8 /home/vagrant/Code/vendor/laravel/framework/src/Illuminate/Database/Eloquent/Model.php(3086): call_user_func_array(Array, Array)
#9 /home/vagrant/Code/app/controllers/JobsController.php(87): Illuminate\Database\Eloquent\Model::__callStatic('destory', Array)
#10 /home/vagrant/Code/app/controllers/JobsController.php(87): Job::destory('1')
#11 [internal function]: JobsController->destroy('1')
#12 /home/vagrant/Code/vendor/laravel/framework/src/Illuminate/Routing/Controller.php(231): call_user_func_array(Array, Array)
#13 /home/vagrant/Code/vendor/laravel/framework/src/Illuminate/Routing/ControllerDispatcher.php(93): Illuminate\Routing\Controller->callAction('destroy', Array)
#14 /home/vagrant/Code/vendor/laravel/framework/src/Illuminate/Routing/ControllerDispatcher.php(62): Illuminate\Routing\ControllerDispatcher->call(Object(JobsController), Object(Illuminate\Routing\Route), 'destroy')
#15 /home/vagrant/Code/vendor/laravel/framework/src/Illuminate/Routing/Router.php(962): Illuminate\Routing\ControllerDispatcher->dispatch(Object(Illuminate\Routing\Route), Object(Illuminate\Http\Request), 'JobsController', 'destroy')
#16 [internal function]: Illuminate\Routing\Router->Illuminate\Routing\{closure}('1')
#17 /home/vagrant/Code/vendor/laravel/framework/src/Illuminate/Routing/Route.php(109): call_user_func_array(Object(Closure), Array)
#18 /home/vagrant/Code/vendor/laravel/framework/src/Illuminate/Routing/Router.php(1028): Illuminate\Routing\Route->run(Object(Illuminate\Http\Request))
#19 /home/vagrant/Code/vendor/laravel/framework/src/Illuminate/Routing/Router.php(996): Illuminate\Routing\Router->dispatchToRoute(Object(Illuminate\Http\Request))
#20 /home/vagrant/Code/vendor/laravel/framework/src/Illuminate/Foundation/Application.php(777): Illuminate\Routing\Router->dispatch(Object(Illuminate\Http\Request))
#21 /home/vagrant/Code/vendor/laravel/framework/src/Illuminate/Foundation/Application.php(747): Illuminate\Foundation\Application->dispatch(Object(Illuminate\Http\Request))
#22 /home/vagrant/Code/vendor/laravel/framework/src/Illuminate/Session/Middleware.php(72): Illuminate\Foundation\Application->handle(Object(Illuminate\Http\Request), 1, true)
#23 /home/vagrant/Code/vendor/laravel/framework/src/Illuminate/Cookie/Queue.php(47): Illuminate\Session\Middleware->handle(Object(Illuminate\Http\Request), 1, true)
#24 /home/vagrant/Code/vendor/laravel/framework/src/Illuminate/Cookie/Guard.php(51): Illuminate\Cookie\Queue->handle(Object(Illuminate\Http\Request), 1, true)
#25 /home/vagrant/Code/vendor/stack/builder/src/Stack/StackedHttpKernel.php(23): Illuminate\Cookie\Guard->handle(Object(Illuminate\Http\Request), 1, true)
#26 /home/vagrant/Code/vendor/laravel/framework/src/Illuminate/Foundation/Application.php(643): Stack\StackedHttpKernel->handle(Object(Illuminate\Http\Request))
#27 /home/vagrant/Code/public/index.php(49): Illuminate\Foundation\Application->run()
#28 {main} [] []
[2014-09-28 12:59:35] local.ERROR: exception 'BadMethodCallException' with message 'Call to undefined method Illuminate\Database\Query\Builder::destory()' in /home/vagrant/Code/vendor/laravel/framework/src/Illuminate/Database/Query/Builder.php:2117
Stack trace:
#0 [internal function]: Illuminate\Database\Query\Builder->__call('destory', Array)
#1 [internal function]: Illuminate\Database\Query\Builder->destory('1')
#2 /home/vagrant/Code/vendor/laravel/framework/src/Illuminate/Database/Eloquent/Builder.php(913): call_user_func_array(Array, Array)
#3 [internal function]: Illuminate\Database\Eloquent\Builder->__call('destory', Array)
#4 [internal function]: Illuminate\Database\Eloquent\Builder->destory('1')
#5 /home/vagrant/Code/vendor/laravel/framework/src/Illuminate/Database/Eloquent/Model.php(3072): call_user_func_array(Array, Array)
#6 [internal function]: Illuminate\Database\Eloquent\Model->__call('destory', Array)
#7 [internal function]: Job->destory('1')
#8 /home/vagrant/Code/vendor/laravel/framework/src/Illuminate/Database/Eloquent/Model.php(3086): call_user_func_array(Array, Array)
#9 /home/vagrant/Code/app/controllers/JobsController.php(87): Illuminate\Database\Eloquent\Model::__callStatic('destory', Array)
#10 /home/vagrant/Code/app/controllers/JobsController.php(87): Job::destory('1')
#11 [internal function]: JobsController->destroy('1')
#12 /home/vagrant/Code/vendor/laravel/framework/src/Illuminate/Routing/Controller.php(231): call_user_func_array(Array, Array)
#13 /home/vagrant/Code/vendor/laravel/framework/src/Illuminate/Routing/ControllerDispatcher.php(93): Illuminate\Routing\Controller->callAction('destroy', Array)
#14 /home/vagrant/Code/vendor/laravel/framework/src/Illuminate/Routing/ControllerDispatcher.php(62): Illuminate\Routing\ControllerDispatcher->call(Object(JobsController), Object(Illuminate\Routing\Route), 'destroy')
#15 /home/vagrant/Code/vendor/laravel/framework/src/Illuminate/Routing/Router.php(962): Illuminate\Routing\ControllerDispatcher->dispatch(Object(Illuminate\Routing\Route), Object(Illuminate\Http\Request), 'JobsController', 'destroy')
#16 [internal function]: Illuminate\Routing\Router->Illuminate\Routing\{closure}('1')
#17 /home/vagrant/Code/vendor/laravel/framework/src/Illuminate/Routing/Route.php(109): call_user_func_array(Object(Closure), Array)
#18 /home/vagrant/Code/vendor/laravel/framework/src/Illuminate/Routing/Router.php(1028): Illuminate\Routing\Route->run(Object(Illuminate\Http\Request))
#19 /home/vagrant/Code/vendor/laravel/framework/src/Illuminate/Routing/Router.php(996): Illuminate\Routing\Router->dispatchToRoute(Object(Illuminate\Http\Request))
#20 /home/vagrant/Code/vendor/laravel/framework/src/Illuminate/Foundation/Application.php(777): Illuminate\Routing\Router->dispatch(Object(Illuminate\Http\Request))
#21 /home/vagrant/Code/vendor/laravel/framework/src/Illuminate/Foundation/Application.php(747): Illuminate\Foundation\Application->dispatch(Object(Illuminate\Http\Request))
#22 /home/vagrant/Code/vendor/laravel/framework/src/Illuminate/Session/Middleware.php(72): Illuminate\Foundation\Application->handle(Object(Illuminate\Http\Request), 1, true)
#23 /home/vagrant/Code/vendor/laravel/framework/src/Illuminate/Cookie/Queue.php(47): Illuminate\Session\Middleware->handle(Object(Illuminate\Http\Request), 1, true)
#24 /home/vagrant/Code/vendor/laravel/framework/src/Illuminate/Cookie/Guard.php(51): Illuminate\Cookie\Queue->handle(Object(Illuminate\Http\Request), 1, true)
#25 /home/vagrant/Code/vendor/stack/builder/src/Stack/StackedHttpKernel.php(23): Illuminate\Cookie\Guard->handle(Object(Illuminate\Http\Request), 1, true)
#26 /home/vagrant/Code/vendor/laravel/framework/src/Illuminate/Foundation/Application.php(643): Stack\StackedHttpKernel->handle(Object(Illuminate\Http\Request))
#27 /home/vagrant/Code/public/index.php(49): Illuminate\Foundation\Application->run()
#28 {main} [] []
[2014-09-28 13:04:43] local.ERROR: exception 'Symfony\Component\Debug\Exception\FatalErrorException' with message 'Call to a member function delete() on a non-object' in /home/vagrant/Code/app/controllers/JobsController.php:88
Stack trace:
#0 [internal function]: Illuminate\Exception\Handler->handleShutdown()
#1 {main} [] []
[2014-09-28 13:05:10] local.ERROR: exception 'Symfony\Component\Debug\Exception\FatalErrorException' with message 'Call to a member function delete() on a non-object' in /home/vagrant/Code/app/controllers/JobsController.php:88
Stack trace:
#0 [internal function]: Illuminate\Exception\Handler->handleShutdown()
#1 {main} [] []
[2014-09-28 13:05:15] local.ERROR: exception 'Symfony\Component\Debug\Exception\FatalErrorException' with message 'Call to a member function delete() on a non-object' in /home/vagrant/Code/app/controllers/JobsController.php:88
Stack trace:
#0 [internal function]: Illuminate\Exception\Handler->handleShutdown()
#1 {main} [] []
[2014-10-04 07:42:06] local.ERROR: exception 'PDOException' with message 'SQLSTATE[42S21]: Column already exists: 1060 Duplicate column name 'end_date'' in /home/vagrant/Code/vendor/laravel/framework/src/Illuminate/Database/Connection.php:369
Stack trace:
#0 /home/vagrant/Code/vendor/laravel/framework/src/Illuminate/Database/Connection.php(369): PDOStatement->execute(Array)
#1 /home/vagrant/Code/vendor/laravel/framework/src/Illuminate/Database/Connection.php(617): Illuminate\Database\Connection->Illuminate\Database\{closure}(Object(Illuminate\Database\MySqlConnection), 'alter table `jo...', Array)
#2 /home/vagrant/Code/vendor/laravel/framework/src/Illuminate/Database/Connection.php(581): Illuminate\Database\Connection->runQueryCallback('alter table `jo...', Array, Object(Closure))
#3 /home/vagrant/Code/vendor/laravel/framework/src/Illuminate/Database/Connection.php(370): Illuminate\Database\Connection->run('alter table `jo...', Array, Object(Closure))
#4 /home/vagrant/Code/vendor/laravel/framework/src/Illuminate/Database/Schema/Blueprint.php(63): Illuminate\Database\Connection->statement('alter table `jo...')
#5 /home/vagrant/Code/vendor/laravel/framework/src/Illuminate/Database/Schema/Builder.php(169): Illuminate\Database\Schema\Blueprint->build(Object(Illuminate\Database\MySqlConnection), Object(Illuminate\Database\Schema\Grammars\MySqlGrammar))
#6 /home/vagrant/Code/vendor/laravel/framework/src/Illuminate/Database/Schema/Builder.php(94): Illuminate\Database\Schema\Builder->build(Object(Illuminate\Database\Schema\Blueprint))
#7 /home/vagrant/Code/vendor/laravel/framework/src/Illuminate/Support/Facades/Facade.php(211): Illuminate\Database\Schema\Builder->table('jobs', Object(Closure))
#8 /home/vagrant/Code/app/database/migrations/2014_10_04_074037_add_start_to_jobs_table.php(19): Illuminate\Support\Facades\Facade::__callStatic('table', Array)
#9 /home/vagrant/Code/app/database/migrations/2014_10_04_074037_add_start_to_jobs_table.php(19): Illuminate\Support\Facades\Schema::table('jobs', Object(Closure))
#10 /home/vagrant/Code/vendor/laravel/framework/src/Illuminate/Database/Migrations/Migrator.php(135): AddStartToJobsTable->up()
#11 /home/vagrant/Code/vendor/laravel/framework/src/Illuminate/Database/Migrations/Migrator.php(111): Illuminate\Database\Migrations\Migrator->runUp('2014_10_04_0740...', 8, false)
#12 /home/vagrant/Code/vendor/laravel/framework/src/Illuminate/Database/Migrations/Migrator.php(82): Illuminate\Database\Migrations\Migrator->runMigrationList(Array, false)
#13 /home/vagrant/Code/vendor/laravel/framework/src/Illuminate/Database/Console/Migrations/MigrateCommand.php(70): Illuminate\Database\Migrations\Migrator->run('/home/vagrant/C...', false)
#14 /home/vagrant/Code/vendor/laravel/framework/src/Illuminate/Console/Command.php(112): Illuminate\Database\Console\Migrations\MigrateCommand->fire()
#15 /home/vagrant/Code/vendor/symfony/console/Symfony/Component/Console/Command/Command.php(252): Illuminate\Console\Command->execute(Object(Symfony\Component\Console\Input\ArgvInput), Object(Symfony\Component\Console\Output\ConsoleOutput))
#16 /home/vagrant/Code/vendor/laravel/framework/src/Illuminate/Console/Command.php(100): Symfony\Component\Console\Command\Command->run(Object(Symfony\Component\Console\Input\ArgvInput), Object(Symfony\Component\Console\Output\ConsoleOutput))
#17 /home/vagrant/Code/vendor/symfony/console/Symfony/Component/Console/Application.php(889): Illuminate\Console\Command->run(Object(Symfony\Component\Console\Input\ArgvInput), Object(Symfony\Component\Console\Output\ConsoleOutput))
#18 /home/vagrant/Code/vendor/symfony/console/Symfony/Component/Console/Application.php(193): Symfony\Component\Console\Application->doRunCommand(Object(Illuminate\Database\Console\Migrations\MigrateCommand), Object(Symfony\Component\Console\Input\ArgvInput), Object(Symfony\Component\Console\Output\ConsoleOutput))
#19 /home/vagrant/Code/vendor/symfony/console/Symfony/Component/Console/Application.php(124): Symfony\Component\Console\Application->doRun(Object(Symfony\Component\Console\Input\ArgvInput), Object(Symfony\Component\Console\Output\ConsoleOutput))
#20 /home/vagrant/Code/artisan(59): Symfony\Component\Console\Application->run()
#21 {main}

Next exception 'Illuminate\Database\QueryException' with message 'SQLSTATE[42S21]: Column already exists: 1060 Duplicate column name 'end_date' (SQL: alter table `jobs` add `start_date` timestamp default 0 not null, add `end_date` timestamp default 0 not null)' in /home/vagrant/Code/vendor/laravel/framework/src/Illuminate/Database/Connection.php:625
Stack trace:
#0 /home/vagrant/Code/vendor/laravel/framework/src/Illuminate/Database/Connection.php(581): Illuminate\Database\Connection->runQueryCallback('alter table `jo...', Array, Object(Closure))
#1 /home/vagrant/Code/vendor/laravel/framework/src/Illuminate/Database/Connection.php(370): Illuminate\Database\Connection->run('alter table `jo...', Array, Object(Closure))
#2 /home/vagrant/Code/vendor/laravel/framework/src/Illuminate/Database/Schema/Blueprint.php(63): Illuminate\Database\Connection->statement('alter table `jo...')
#3 /home/vagrant/Code/vendor/laravel/framework/src/Illuminate/Database/Schema/Builder.php(169): Illuminate\Database\Schema\Blueprint->build(Object(Illuminate\Database\MySqlConnection), Object(Illuminate\Database\Schema\Grammars\MySqlGrammar))
#4 /home/vagrant/Code/vendor/laravel/framework/src/Illuminate/Database/Schema/Builder.php(94): Illuminate\Database\Schema\Builder->build(Object(Illuminate\Database\Schema\Blueprint))
#5 /home/vagrant/Code/vendor/laravel/framework/src/Illuminate/Support/Facades/Facade.php(211): Illuminate\Database\Schema\Builder->table('jobs', Object(Closure))
#6 /home/vagrant/Code/app/database/migrations/2014_10_04_074037_add_start_to_jobs_table.php(19): Illuminate\Support\Facades\Facade::__callStatic('table', Array)
#7 /home/vagrant/Code/app/database/migrations/2014_10_04_074037_add_start_to_jobs_table.php(19): Illuminate\Support\Facades\Schema::table('jobs', Object(Closure))
#8 /home/vagrant/Code/vendor/laravel/framework/src/Illuminate/Database/Migrations/Migrator.php(135): AddStartToJobsTable->up()
#9 /home/vagrant/Code/vendor/laravel/framework/src/Illuminate/Database/Migrations/Migrator.php(111): Illuminate\Database\Migrations\Migrator->runUp('2014_10_04_0740...', 8, false)
#10 /home/vagrant/Code/vendor/laravel/framework/src/Illuminate/Database/Migrations/Migrator.php(82): Illuminate\Database\Migrations\Migrator->runMigrationList(Array, false)
#11 /home/vagrant/Code/vendor/laravel/framework/src/Illuminate/Database/Console/Migrations/MigrateCommand.php(70): Illuminate\Database\Migrations\Migrator->run('/home/vagrant/C...', false)
#12 /home/vagrant/Code/vendor/laravel/framework/src/Illuminate/Console/Command.php(112): Illuminate\Database\Console\Migrations\MigrateCommand->fire()
#13 /home/vagrant/Code/vendor/symfony/console/Symfony/Component/Console/Command/Command.php(252): Illuminate\Console\Command->execute(Object(Symfony\Component\Console\Input\ArgvInput), Object(Symfony\Component\Console\Output\ConsoleOutput))
#14 /home/vagrant/Code/vendor/laravel/framework/src/Illuminate/Console/Command.php(100): Symfony\Component\Console\Command\Command->run(Object(Symfony\Component\Console\Input\ArgvInput), Object(Symfony\Component\Console\Output\ConsoleOutput))
#15 /home/vagrant/Code/vendor/symfony/console/Symfony/Component/Console/Application.php(889): Illuminate\Console\Command->run(Object(Symfony\Component\Console\Input\ArgvInput), Object(Symfony\Component\Console\Output\ConsoleOutput))
#16 /home/vagrant/Code/vendor/symfony/console/Symfony/Component/Console/Application.php(193): Symfony\Component\Console\Application->doRunCommand(Object(Illuminate\Database\Console\Migrations\MigrateCommand), Object(Symfony\Component\Console\Input\ArgvInput), Object(Symfony\Component\Console\Output\ConsoleOutput))
#17 /home/vagrant/Code/vendor/symfony/console/Symfony/Component/Console/Application.php(124): Symfony\Component\Console\Application->doRun(Object(Symfony\Component\Console\Input\ArgvInput), Object(Symfony\Component\Console\Output\ConsoleOutput))
#18 /home/vagrant/Code/artisan(59): Symfony\Component\Console\Application->run()
#19 {main} [] []
[2014-10-04 07:43:12] local.ERROR: exception 'PDOException' with message 'SQLSTATE[42S21]: Column already exists: 1060 Duplicate column name 'end_date'' in /home/vagrant/Code/vendor/laravel/framework/src/Illuminate/Database/Connection.php:369
Stack trace:
#0 /home/vagrant/Code/vendor/laravel/framework/src/Illuminate/Database/Connection.php(369): PDOStatement->execute(Array)
#1 /home/vagrant/Code/vendor/laravel/framework/src/Illuminate/Database/Connection.php(617): Illuminate\Database\Connection->Illuminate\Database\{closure}(Object(Illuminate\Database\MySqlConnection), 'alter table `jo...', Array)
#2 /home/vagrant/Code/vendor/laravel/framework/src/Illuminate/Database/Connection.php(581): Illuminate\Database\Connection->runQueryCallback('alter table `jo...', Array, Object(Closure))
#3 /home/vagrant/Code/vendor/laravel/framework/src/Illuminate/Database/Connection.php(370): Illuminate\Database\Connection->run('alter table `jo...', Array, Object(Closure))
#4 /home/vagrant/Code/vendor/laravel/framework/src/Illuminate/Database/Schema/Blueprint.php(63): Illuminate\Database\Connection->statement('alter table `jo...')
#5 /home/vagrant/Code/vendor/laravel/framework/src/Illuminate/Database/Schema/Builder.php(169): Illuminate\Database\Schema\Blueprint->build(Object(Illuminate\Database\MySqlConnection), Object(Illuminate\Database\Schema\Grammars\MySqlGrammar))
#6 /home/vagrant/Code/vendor/laravel/framework/src/Illuminate/Database/Schema/Builder.php(94): Illuminate\Database\Schema\Builder->build(Object(Illuminate\Database\Schema\Blueprint))
#7 /home/vagrant/Code/vendor/laravel/framework/src/Illuminate/Support/Facades/Facade.php(211): Illuminate\Database\Schema\Builder->table('jobs', Object(Closure))
#8 /home/vagrant/Code/app/database/migrations/2014_10_04_074037_add_start_to_jobs_table.php(20): Illuminate\Support\Facades\Facade::__callStatic('table', Array)
#9 /home/vagrant/Code/app/database/migrations/2014_10_04_074037_add_start_to_jobs_table.php(20): Illuminate\Support\Facades\Schema::table('jobs', Object(Closure))
#10 /home/vagrant/Code/vendor/laravel/framework/src/Illuminate/Database/Migrations/Migrator.php(135): AddStartToJobsTable->up()
#11 /home/vagrant/Code/vendor/laravel/framework/src/Illuminate/Database/Migrations/Migrator.php(111): Illuminate\Database\Migrations\Migrator->runUp('2014_10_04_0740...', 8, false)
#12 /home/vagrant/Code/vendor/laravel/framework/src/Illuminate/Database/Migrations/Migrator.php(82): Illuminate\Database\Migrations\Migrator->runMigrationList(Array, false)
#13 /home/vagrant/Code/vendor/laravel/framework/src/Illuminate/Database/Console/Migrations/MigrateCommand.php(70): Illuminate\Database\Migrations\Migrator->run('/home/vagrant/C...', false)
#14 /home/vagrant/Code/vendor/laravel/framework/src/Illuminate/Console/Command.php(112): Illuminate\Database\Console\Migrations\MigrateCommand->fire()
#15 /home/vagrant/Code/vendor/symfony/console/Symfony/Component/Console/Command/Command.php(252): Illuminate\Console\Command->execute(Object(Symfony\Component\Console\Input\ArgvInput), Object(Symfony\Component\Console\Output\ConsoleOutput))
#16 /home/vagrant/Code/vendor/laravel/framework/src/Illuminate/Console/Command.php(100): Symfony\Component\Console\Command\Command->run(Object(Symfony\Component\Console\Input\ArgvInput), Object(Symfony\Component\Console\Output\ConsoleOutput))
#17 /home/vagrant/Code/vendor/symfony/console/Symfony/Component/Console/Application.php(889): Illuminate\Console\Command->run(Object(Symfony\Component\Console\Input\ArgvInput), Object(Symfony\Component\Console\Output\ConsoleOutput))
#18 /home/vagrant/Code/vendor/symfony/console/Symfony/Component/Console/Application.php(193): Symfony\Component\Console\Application->doRunCommand(Object(Illuminate\Database\Console\Migrations\MigrateCommand), Object(Symfony\Component\Console\Input\ArgvInput), Object(Symfony\Component\Console\Output\ConsoleOutput))
#19 /home/vagrant/Code/vendor/symfony/console/Symfony/Component/Console/Application.php(124): Symfony\Component\Console\Application->doRun(Object(Symfony\Component\Console\Input\ArgvInput), Object(Symfony\Component\Console\Output\ConsoleOutput))
#20 /home/vagrant/Code/artisan(59): Symfony\Component\Console\Application->run()
#21 {main}

Next exception 'Illuminate\Database\QueryException' with message 'SQLSTATE[42S21]: Column already exists: 1060 Duplicate column name 'end_date' (SQL: alter table `jobs` add `start_date` timestamp default 0 not null, add `end_date` timestamp default 0 not null)' in /home/vagrant/Code/vendor/laravel/framework/src/Illuminate/Database/Connection.php:625
Stack trace:
#0 /home/vagrant/Code/vendor/laravel/framework/src/Illuminate/Database/Connection.php(581): Illuminate\Database\Connection->runQueryCallback('alter table `jo...', Array, Object(Closure))
#1 /home/vagrant/Code/vendor/laravel/framework/src/Illuminate/Database/Connection.php(370): Illuminate\Database\Connection->run('alter table `jo...', Array, Object(Closure))
#2 /home/vagrant/Code/vendor/laravel/framework/src/Illuminate/Database/Schema/Blueprint.php(63): Illuminate\Database\Connection->statement('alter table `jo...')
#3 /home/vagrant/Code/vendor/laravel/framework/src/Illuminate/Database/Schema/Builder.php(169): Illuminate\Database\Schema\Blueprint->build(Object(Illuminate\Database\MySqlConnection), Object(Illuminate\Database\Schema\Grammars\MySqlGrammar))
#4 /home/vagrant/Code/vendor/laravel/framework/src/Illuminate/Database/Schema/Builder.php(94): Illuminate\Database\Schema\Builder->build(Object(Illuminate\Database\Schema\Blueprint))
#5 /home/vagrant/Code/vendor/laravel/framework/src/Illuminate/Support/Facades/Facade.php(211): Illuminate\Database\Schema\Builder->table('jobs', Object(Closure))
#6 /home/vagrant/Code/app/database/migrations/2014_10_04_074037_add_start_to_jobs_table.php(20): Illuminate\Support\Facades\Facade::__callStatic('table', Array)
#7 /home/vagrant/Code/app/database/migrations/2014_10_04_074037_add_start_to_jobs_table.php(20): Illuminate\Support\Facades\Schema::table('jobs', Object(Closure))
#8 /home/vagrant/Code/vendor/laravel/framework/src/Illuminate/Database/Migrations/Migrator.php(135): AddStartToJobsTable->up()
#9 /home/vagrant/Code/vendor/laravel/framework/src/Illuminate/Database/Migrations/Migrator.php(111): Illuminate\Database\Migrations\Migrator->runUp('2014_10_04_0740...', 8, false)
#10 /home/vagrant/Code/vendor/laravel/framework/src/Illuminate/Database/Migrations/Migrator.php(82): Illuminate\Database\Migrations\Migrator->runMigrationList(Array, false)
#11 /home/vagrant/Code/vendor/laravel/framework/src/Illuminate/Database/Console/Migrations/MigrateCommand.php(70): Illuminate\Database\Migrations\Migrator->run('/home/vagrant/C...', false)
#12 /home/vagrant/Code/vendor/laravel/framework/src/Illuminate/Console/Command.php(112): Illuminate\Database\Console\Migrations\MigrateCommand->fire()
#13 /home/vagrant/Code/vendor/symfony/console/Symfony/Component/Console/Command/Command.php(252): Illuminate\Console\Command->execute(Object(Symfony\Component\Console\Input\ArgvInput), Object(Symfony\Component\Console\Output\ConsoleOutput))
#14 /home/vagrant/Code/vendor/laravel/framework/src/Illuminate/Console/Command.php(100): Symfony\Component\Console\Command\Command->run(Object(Symfony\Component\Console\Input\ArgvInput), Object(Symfony\Component\Console\Output\ConsoleOutput))
#15 /home/vagrant/Code/vendor/symfony/console/Symfony/Component/Console/Application.php(889): Illuminate\Console\Command->run(Object(Symfony\Component\Console\Input\ArgvInput), Object(Symfony\Component\Console\Output\ConsoleOutput))
#16 /home/vagrant/Code/vendor/symfony/console/Symfony/Component/Console/Application.php(193): Symfony\Component\Console\Application->doRunCommand(Object(Illuminate\Database\Console\Migrations\MigrateCommand), Object(Symfony\Component\Console\Input\ArgvInput), Object(Symfony\Component\Console\Output\ConsoleOutput))
#17 /home/vagrant/Code/vendor/symfony/console/Symfony/Component/Console/Application.php(124): Symfony\Component\Console\Application->doRun(Object(Symfony\Component\Console\Input\ArgvInput), Object(Symfony\Component\Console\Output\ConsoleOutput))
#18 /home/vagrant/Code/artisan(59): Symfony\Component\Console\Application->run()
#19 {main} [] []
